Removed Pin From Net: NetName=GND Pin=Ch1-1
Removed Pin From Net: NetName=3.3V Pin=Ch1-3
Removed Pin From Net: NetName=GND Pin=Ch2-1
Removed Pin From Net: NetName=3.3V Pin=Ch2-3
Change Component Footprint: Designator=Ch1 Old Footprint=SMTC-TSW-103-07-X-S New Footprint=PM_5_08_90_03
Change Component Footprint: Designator=Ch2 Old Footprint=SMTC-TSW-103-07-X-S New Footprint=PM_5_08_90_03
Change Component Comment : Designator=Ch1 Old Comment=TSW-103-07-G-S New Comment=1760500000
Change Component Comment : Designator=Ch2 Old Comment=TSW-103-07-G-S New Comment=1760500000
Change Managed Component Library Link : Designator=Ch1 Old VaultGUID=B7D15EC3-160A-466F-A46C-7801FE6295A7 New VaultGUID=B7D15EC3-160A-466F-A46C-7801FE6295A7 Old ItemGUID=77FE7340-C0A4-4B8B-B4FB-F2936CD6B2DE New ItemGUID=B75348A0-3ACA-41D3-87B4-0552FE9ABD2D Old RevisionGUID=5514DA6D-5EF2-4D5C-8ECA-E6CC5EC3E09C New RevisionGUID=F421CE9B-2918-4D86-B08A-8A3C7960A10B
Change Managed Component Library Link : Designator=Ch2 Old VaultGUID=B7D15EC3-160A-466F-A46C-7801FE6295A7 New VaultGUID=B7D15EC3-160A-466F-A46C-7801FE6295A7 Old ItemGUID=77FE7340-C0A4-4B8B-B4FB-F2936CD6B2DE New ItemGUID=B75348A0-3ACA-41D3-87B4-0552FE9ABD2D Old RevisionGUID=5514DA6D-5EF2-4D5C-8ECA-E6CC5EC3E09C New RevisionGUID=F421CE9B-2918-4D86-B08A-8A3C7960A10B
Change component parameters: Designator = "Ch1" ("Ch1"); Footprint = "SMTC-TSW-103-07-X-S"; UniqueID = "\XSJCVMNA" ("\XSJCVMNA")
Change component parameters (AddParameter): Name = "Colour"; Value = "Orange"; VariantName = "[No Variations]"
Change component parameters (AddParameter): Name = "ComponentLink1Description"; Value = "Manufacturer URL"; VariantName = "[No Variations]"
Change component parameters (AddParameter): Name = "ComponentLink1URL"; Value = "http://www.weidmueller.com/"; VariantName = "[No Variations]"
Change component parameters (AddParameter): Name = "ComponentLink2Description"; Value = "URL Link1"; VariantName = "[No Variations]"
Change component parameters (AddParameter): Name = "ComponentLink2URL"; Value = "http://catalog.weidmueller.com/catalog/Start.do?localeId=en&ObjectID=1760500000"; VariantName = "[No Variations]"
Change component parameters (AddParameter): Name = "Contact_material"; Value = "Cu-Leg"; VariantName = "[No Variations]"
Change component parameters (AddParameter): Name = "Contact_surface"; Value = "tinned"; VariantName = "[No Variations]"
Change component parameters (AddParameter): Name = "Insulating_material"; Value = "Wemid (PA)"; VariantName = "[No Variations]"
Change component parameters (AddParameter): Name = "Manufacturer"; Value = "Weidmueller"; VariantName = "[No Variations]"
Change component parameters (AddParameter): Name = "Mounting_onto_the_PCB"; Value = "Solder connection"; VariantName = "[No Variations]"
Change component parameters (AddParameter): Name = "No_of_poles"; Value = "3"; VariantName = "[No Variations]"
Change component parameters (AddParameter): Name = "PackageReference"; Value = "PM_5_08_90_03"; VariantName = "[No Variations]"
Change component parameters (AddParameter): Name = "Packaging"; Value = "Box"; VariantName = "[No Variations]"
Change component parameters (AddParameter): Name = "PartNumber"; Value = "1760500000"; VariantName = "[No Variations]"
Change component parameters (AddParameter): Name = "Pitch_inch"; Value = "0,2 inch"; VariantName = "[No Variations]"
Change component parameters (AddParameter): Name = "Pitch_mm"; Value = "5,08 mm"; VariantName = "[No Variations]"
Change component parameters (AddParameter): Name = "Qty"; Value = "500 PCS"; VariantName = "[No Variations]"
Change component parameters (AddParameter): Name = "Rated_current_use_group_B_UL_1059"; Value = "15 A"; VariantName = "[No Variations]"
Change component parameters (AddParameter): Name = "Rated_voltage_for_surge_voltage_class_pollution_degree_II_2"; Value = "600 V"; VariantName = "[No Variations]"
Change component parameters (AddParameter): Name = "Rated_voltage_use_group_B_UL_1059"; Value = "300 V"; VariantName = "[No Variations]"
Change component parameters (AddParameter): Name = "Revision"; Value = "V1"; VariantName = "[No Variations]"
Change component parameters (AddParameter): Name = "Short_text_for_material"; Value = "PM 5.08/03/90 3.5SN OR BX"; VariantName = "[No Variations]"
Change component parameters (AddParameter): Name = "Side_termination_characteristic"; Value = "closed side"; VariantName = "[No Variations]"
Change component parameters (AddParameter): Name = "Solder_pin_length_mm"; Value = "3,5 mm"; VariantName = "[No Variations]"
Change component parameters (AddParameter): Name = "Solid_max_H05_07_V_U"; Value = "2,5 mm²"; VariantName = "[No Variations]"
Change component parameters (AddParameter): Name = "Solid_min_H05_07_V_U"; Value = "0,13 mm²"; VariantName = "[No Variations]"
Change component parameters (AddParameter): Name = "UL_94_flammability_rating"; Value = "V-0"; VariantName = "[No Variations]"
Change component parameters (AddParameter): Name = "Wire_cross_section_AWG_max_UL_1059"; Value = "AWG 14"; VariantName = "[No Variations]"
Change component parameters (AddParameter): Name = "Wire_cross_section_AWG_min_UL_1059"; Value = "AWG 26"; VariantName = "[No Variations]"
Change component parameters: Designator = "Ch2" ("Ch2"); Footprint = "SMTC-TSW-103-07-X-S"; UniqueID = "\QQYHTJNP" ("\QQYHTJNP")
Change component parameters (AddParameter): Name = "Colour"; Value = "Orange"; VariantName = "[No Variations]"
Change component parameters (AddParameter): Name = "ComponentLink1Description"; Value = "Manufacturer URL"; VariantName = "[No Variations]"
Change component parameters (AddParameter): Name = "ComponentLink1URL"; Value = "http://www.weidmueller.com/"; VariantName = "[No Variations]"
Change component parameters (AddParameter): Name = "ComponentLink2Description"; Value = "URL Link1"; VariantName = "[No Variations]"
Change component parameters (AddParameter): Name = "ComponentLink2URL"; Value = "http://catalog.weidmueller.com/catalog/Start.do?localeId=en&ObjectID=1760500000"; VariantName = "[No Variations]"
Change component parameters (AddParameter): Name = "Contact_material"; Value = "Cu-Leg"; VariantName = "[No Variations]"
Change component parameters (AddParameter): Name = "Contact_surface"; Value = "tinned"; VariantName = "[No Variations]"
Change component parameters (AddParameter): Name = "Insulating_material"; Value = "Wemid (PA)"; VariantName = "[No Variations]"
Change component parameters (AddParameter): Name = "Manufacturer"; Value = "Weidmueller"; VariantName = "[No Variations]"
Change component parameters (AddParameter): Name = "Mounting_onto_the_PCB"; Value = "Solder connection"; VariantName = "[No Variations]"
Change component parameters (AddParameter): Name = "No_of_poles"; Value = "3"; VariantName = "[No Variations]"
Change component parameters (AddParameter): Name = "PackageReference"; Value = "PM_5_08_90_03"; VariantName = "[No Variations]"
Change component parameters (AddParameter): Name = "Packaging"; Value = "Box"; VariantName = "[No Variations]"
Change component parameters (AddParameter): Name = "PartNumber"; Value = "1760500000"; VariantName = "[No Variations]"
Change component parameters (AddParameter): Name = "Pitch_inch"; Value = "0,2 inch"; VariantName = "[No Variations]"
Change component parameters (AddParameter): Name = "Pitch_mm"; Value = "5,08 mm"; VariantName = "[No Variations]"
Change component parameters (AddParameter): Name = "Qty"; Value = "500 PCS"; VariantName = "[No Variations]"
Change component parameters (AddParameter): Name = "Rated_current_use_group_B_UL_1059"; Value = "15 A"; VariantName = "[No Variations]"
Change component parameters (AddParameter): Name = "Rated_voltage_for_surge_voltage_class_pollution_degree_II_2"; Value = "600 V"; VariantName = "[No Variations]"
Change component parameters (AddParameter): Name = "Rated_voltage_use_group_B_UL_1059"; Value = "300 V"; VariantName = "[No Variations]"
Change component parameters (AddParameter): Name = "Revision"; Value = "V1"; VariantName = "[No Variations]"
Change component parameters (AddParameter): Name = "Short_text_for_material"; Value = "PM 5.08/03/90 3.5SN OR BX"; VariantName = "[No Variations]"
Change component parameters (AddParameter): Name = "Side_termination_characteristic"; Value = "closed side"; VariantName = "[No Variations]"
Change component parameters (AddParameter): Name = "Solder_pin_length_mm"; Value = "3,5 mm"; VariantName = "[No Variations]"
Change component parameters (AddParameter): Name = "Solid_max_H05_07_V_U"; Value = "2,5 mm²"; VariantName = "[No Variations]"
Change component parameters (AddParameter): Name = "Solid_min_H05_07_V_U"; Value = "0,13 mm²"; VariantName = "[No Variations]"
Change component parameters (AddParameter): Name = "UL_94_flammability_rating"; Value = "V-0"; VariantName = "[No Variations]"
Change component parameters (AddParameter): Name = "Wire_cross_section_AWG_max_UL_1059"; Value = "AWG 14"; VariantName = "[No Variations]"
Change component parameters (AddParameter): Name = "Wire_cross_section_AWG_min_UL_1059"; Value = "AWG 26"; VariantName = "[No Variations]"
Added Pin To Net: NetName=GND Pin=Ch1-A1
Added Pin To Net: NetName=3.3V Pin=Ch1-A3
Added Pin To Net: NetName=GND Pin=Ch2-A1
Added Pin To Net: NetName=3.3V Pin=Ch2-A3
Added Pin To Net: NetName=NetCh1_A2 Pin=Ch1-A2
Added Pin To Net: NetName=NetCh1_A2 Pin=Ch2-A2
Added Pin To Net: NetName=NetCh1_A2 Pin=MD1-24
Added Pin To Net: NetName=NetCh1_A2 Pin=R3-2
Added Net: Name=NetCh1_A2
Added Room: Name=Sheet1
